{"/Users/karthickrajamurugan/Safe/opencdx/opencdx-form-render/App.js": {"path":"/Users/karthickrajamurugan/Safe/opencdx/opencdx-form-render/App.js","statementMap":{"0":{"start":{"line":12,"column":14},"end":{"line":12,"column":36}},"1":{"start":{"line":14,"column":12},"end":{"line":38,"column":1}},"2":{"start":{"line":15,"column":2},"end":{"line":37,"column":4}},"3":{"start":{"line":40,"column":15},"end":{"line":44,"column":2}}},"fnMap":{"0":{"name":"(anonymous_0)","decl":{"start":{"line":14,"column":12},"end":{"line":14,"column":13}},"loc":{"start":{"line":14,"column":18},"end":{"line":38,"column":1}},"line":14}},"branchMap":{},"s":{"0":0,"1":0,"2":0,"3":0},"f":{"0":0},"b":{}}
,"/Users/karthickrajamurugan/Safe/opencdx/opencdx-form-render/jest.config.js": {"path":"/Users/karthickrajamurugan/Safe/opencdx/opencdx-form-render/jest.config.js","statementMap":{"0":{"start":{"line":1,"column":0},"end":{"line":29,"column":4}}},"fnMap":{},"branchMap":{},"s":{"0":0},"f":{},"b":{}}
,"/Users/karthickrajamurugan/Safe/opencdx/opencdx-form-render/components/FormRender.js": {"path":"/Users/karthickrajamurugan/Safe/opencdx/opencdx-form-render/components/FormRender.js","statementMap":{"0":{"start":{"line":11,"column":27},"end":{"line":11,"column":56}},"1":{"start":{"line":13,"column":21},"end":{"line":13,"column":52}},"2":{"start":{"line":13,"column":31},"end":{"line":13,"column":52}},"3":{"start":{"line":15,"column":34},"end":{"line":15,"column":49}},"4":{"start":{"line":17,"column":4},"end":{"line":117,"column":6}},"5":{"start":{"line":30,"column":28},"end":{"line":94,"column":29}},"6":{"start":{"line":32,"column":36},"end":{"line":41,"column":38}},"7":{"start":{"line":42,"column":36},"end":{"line":42,"column":42}},"8":{"start":{"line":44,"column":36},"end":{"line":53,"column":38}},"9":{"start":{"line":54,"column":36},"end":{"line":54,"column":42}},"10":{"start":{"line":56,"column":36},"end":{"line":65,"column":38}},"11":{"start":{"line":66,"column":36},"end":{"line":66,"column":42}},"12":{"start":{"line":68,"column":36},"end":{"line":77,"column":38}},"13":{"start":{"line":78,"column":36},"end":{"line":78,"column":42}},"14":{"start":{"line":80,"column":36},"end":{"line":90,"column":38}},"15":{"start":{"line":91,"column":36},"end":{"line":91,"column":42}},"16":{"start":{"line":93,"column":36},"end":{"line":93,"column":58}},"17":{"start":{"line":96,"column":28},"end":{"line":103,"column":30}},"18":{"start":{"line":120,"column":15},"end":{"line":135,"column":2}}},"fnMap":{"0":{"name":"App","decl":{"start":{"line":10,"column":24},"end":{"line":10,"column":27}},"loc":{"start":{"line":10,"column":47},"end":{"line":118,"column":1}},"line":10},"1":{"name":"(anonymous_1)","decl":{"start":{"line":13,"column":21},"end":{"line":13,"column":22}},"loc":{"start":{"line":13,"column":31},"end":{"line":13,"column":52}},"line":13},"2":{"name":"(anonymous_2)","decl":{"start":{"line":27,"column":50},"end":{"line":27,"column":51}},"loc":{"start":{"line":27,"column":68},"end":{"line":104,"column":25}},"line":27}},"branchMap":{"0":{"loc":{"start":{"line":19,"column":13},"end":{"line":107,"column":13}},"type":"cond-expr","locations":[{"start":{"line":20,"column":16},"end":{"line":22,"column":23}},{"start":{"line":24,"column":16},"end":{"line":106,"column":19}}],"line":19},"1":{"loc":{"start":{"line":30,"column":28},"end":{"line":94,"column":29}},"type":"switch","locations":[{"start":{"line":31,"column":32},"end":{"line":42,"column":42}},{"start":{"line":43,"column":32},"end":{"line":54,"column":42}},{"start":{"line":55,"column":32},"end":{"line":66,"column":42}},{"start":{"line":67,"column":32},"end":{"line":78,"column":42}},{"start":{"line":79,"column":32},"end":{"line":91,"column":42}},{"start":{"line":92,"column":32},"end":{"line":93,"column":58}}],"line":30}},"s":{"0":0,"1":0,"2":0,"3":0,"4":0,"5":0,"6":0,"7":0,"8":0,"9":0,"10":0,"11":0,"12":0,"13":0,"14":0,"15":0,"16":0,"17":0,"18":0},"f":{"0":0,"1":0,"2":0},"b":{"0":[0,0],"1":[0,0,0,0,0,0]}}
,"/Users/karthickrajamurugan/Safe/opencdx/opencdx-form-render/components/RadioInput.js": {"path":"/Users/karthickrajamurugan/Safe/opencdx/opencdx-form-render/components/RadioInput.js","statementMap":{"0":{"start":{"line":6,"column":21},"end":{"line":22,"column":1}},"1":{"start":{"line":24,"column":24},"end":{"line":65,"column":1}},"2":{"start":{"line":25,"column":22},"end":{"line":25,"column":38}},"3":{"start":{"line":26,"column":24},"end":{"line":26,"column":35}},"4":{"start":{"line":33,"column":6},"end":{"line":33,"column":11}},"5":{"start":{"line":35,"column":20},"end":{"line":35,"column":57}},"6":{"start":{"line":37,"column":19},"end":{"line":37,"column":51}},"7":{"start":{"line":39,"column":2},"end":{"line":64,"column":4}},"8":{"start":{"line":53,"column":14},"end":{"line":58,"column":22}},"9":{"start":{"line":67,"column":26},"end":{"line":87,"column":1}},"10":{"start":{"line":75,"column":6},"end":{"line":75,"column":11}},"11":{"start":{"line":77,"column":22},"end":{"line":77,"column":38}},"12":{"start":{"line":79,"column":2},"end":{"line":84,"column":3}},"13":{"start":{"line":80,"column":16},"end":{"line":80,"column":103}},"14":{"start":{"line":81,"column":4},"end":{"line":81,"column":22}},"15":{"start":{"line":82,"column":4},"end":{"line":82,"column":22}},"16":{"start":{"line":83,"column":4},"end":{"line":83,"column":15}},"17":{"start":{"line":86,"column":2},"end":{"line":86,"column":40}},"18":{"start":{"line":89,"column":15},"end":{"line":109,"column":2}}},"fnMap":{"0":{"name":"(anonymous_0)","decl":{"start":{"line":24,"column":24},"end":{"line":24,"column":25}},"loc":{"start":{"line":24,"column":35},"end":{"line":65,"column":1}},"line":24},"1":{"name":"(anonymous_1)","decl":{"start":{"line":52,"column":31},"end":{"line":52,"column":32}},"loc":{"start":{"line":53,"column":14},"end":{"line":58,"column":22}},"line":53},"2":{"name":"(anonymous_2)","decl":{"start":{"line":67,"column":26},"end":{"line":67,"column":27}},"loc":{"start":{"line":67,"column":37},"end":{"line":87,"column":1}},"line":67}},"branchMap":{"0":{"loc":{"start":{"line":79,"column":2},"end":{"line":84,"column":3}},"type":"if","locations":[{"start":{"line":79,"column":2},"end":{"line":84,"column":3}},{"start":{},"end":{}}],"line":79},"1":{"loc":{"start":{"line":79,"column":6},"end":{"line":79,"column":27}},"type":"binary-expr","locations":[{"start":{"line":79,"column":6},"end":{"line":79,"column":18}},{"start":{"line":79,"column":22},"end":{"line":79,"column":27}}],"line":79},"2":{"loc":{"start":{"line":80,"column":16},"end":{"line":80,"column":103}},"type":"cond-expr","locations":[{"start":{"line":80,"column":31},"end":{"line":80,"column":78}},{"start":{"line":80,"column":81},"end":{"line":80,"column":103}}],"line":80}},"s":{"0":0,"1":0,"2":0,"3":0,"4":0,"5":0,"6":0,"7":0,"8":0,"9":0,"10":0,"11":0,"12":0,"13":0,"14":0,"15":0,"16":0,"17":0,"18":0},"f":{"0":0,"1":0,"2":0},"b":{"0":[0,0],"1":[0,0],"2":[0,0]}}
,"/Users/karthickrajamurugan/Safe/opencdx/opencdx-form-render/components/SelectInputComp.js": {"path":"/Users/karthickrajamurugan/Safe/opencdx/opencdx-form-render/components/SelectInputComp.js","statementMap":{"0":{"start":{"line":20,"column":24},"end":{"line":75,"column":1}},"1":{"start":{"line":21,"column":22},"end":{"line":21,"column":38}},"2":{"start":{"line":22,"column":24},"end":{"line":22,"column":35}},"3":{"start":{"line":29,"column":6},"end":{"line":29,"column":11}},"4":{"start":{"line":31,"column":20},"end":{"line":31,"column":57}},"5":{"start":{"line":34,"column":2},"end":{"line":74,"column":4}},"6":{"start":{"line":65,"column":16},"end":{"line":67,"column":17}},"7":{"start":{"line":77,"column":31},"end":{"line":98,"column":1}},"8":{"start":{"line":85,"column":6},"end":{"line":85,"column":11}},"9":{"start":{"line":87,"column":22},"end":{"line":87,"column":38}},"10":{"start":{"line":90,"column":2},"end":{"line":95,"column":3}},"11":{"start":{"line":91,"column":16},"end":{"line":91,"column":103}},"12":{"start":{"line":92,"column":4},"end":{"line":92,"column":22}},"13":{"start":{"line":93,"column":4},"end":{"line":93,"column":22}},"14":{"start":{"line":94,"column":4},"end":{"line":94,"column":15}},"15":{"start":{"line":97,"column":2},"end":{"line":97,"column":40}},"16":{"start":{"line":100,"column":15},"end":{"line":102,"column":2}}},"fnMap":{"0":{"name":"(anonymous_0)","decl":{"start":{"line":20,"column":24},"end":{"line":20,"column":25}},"loc":{"start":{"line":20,"column":35},"end":{"line":75,"column":1}},"line":20},"1":{"name":"(anonymous_1)","decl":{"start":{"line":64,"column":38},"end":{"line":64,"column":39}},"loc":{"start":{"line":64,"column":50},"end":{"line":68,"column":15}},"line":64},"2":{"name":"(anonymous_2)","decl":{"start":{"line":77,"column":31},"end":{"line":77,"column":32}},"loc":{"start":{"line":77,"column":42},"end":{"line":98,"column":1}},"line":77}},"branchMap":{"0":{"loc":{"start":{"line":90,"column":2},"end":{"line":95,"column":3}},"type":"if","locations":[{"start":{"line":90,"column":2},"end":{"line":95,"column":3}},{"start":{},"end":{}}],"line":90},"1":{"loc":{"start":{"line":90,"column":6},"end":{"line":90,"column":27}},"type":"binary-expr","locations":[{"start":{"line":90,"column":6},"end":{"line":90,"column":18}},{"start":{"line":90,"column":22},"end":{"line":90,"column":27}}],"line":90},"2":{"loc":{"start":{"line":91,"column":16},"end":{"line":91,"column":103}},"type":"cond-expr","locations":[{"start":{"line":91,"column":31},"end":{"line":91,"column":78}},{"start":{"line":91,"column":81},"end":{"line":91,"column":103}}],"line":91}},"s":{"0":0,"1":0,"2":0,"3":0,"4":0,"5":0,"6":0,"7":0,"8":0,"9":0,"10":0,"11":0,"12":0,"13":0,"14":0,"15":0,"16":0},"f":{"0":0,"1":0,"2":0},"b":{"0":[0,0],"1":[0,0],"2":[0,0]}}
,"/Users/karthickrajamurugan/Safe/opencdx/opencdx-form-render/components/TextInput.js": {"path":"/Users/karthickrajamurugan/Safe/opencdx/opencdx-form-render/components/TextInput.js","statementMap":{"0":{"start":{"line":5,"column":24},"end":{"line":31,"column":1}},"1":{"start":{"line":6,"column":24},"end":{"line":6,"column":40}},"2":{"start":{"line":7,"column":26},"end":{"line":7,"column":37}},"3":{"start":{"line":8,"column":57},"end":{"line":8,"column":62}},"4":{"start":{"line":9,"column":22},"end":{"line":9,"column":59}},"5":{"start":{"line":10,"column":21},"end":{"line":10,"column":53}},"6":{"start":{"line":11,"column":4},"end":{"line":30,"column":6}},"7":{"start":{"line":32,"column":25},"end":{"line":41,"column":1}},"8":{"start":{"line":33,"column":78},"end":{"line":33,"column":83}},"9":{"start":{"line":34,"column":24},"end":{"line":34,"column":40}},"10":{"start":{"line":35,"column":4},"end":{"line":39,"column":5}},"11":{"start":{"line":36,"column":20},"end":{"line":36,"column":107}},"12":{"start":{"line":37,"column":8},"end":{"line":37,"column":26}},"13":{"start":{"line":38,"column":8},"end":{"line":38,"column":19}},"14":{"start":{"line":40,"column":4},"end":{"line":40,"column":42}},"15":{"start":{"line":42,"column":15},"end":{"line":65,"column":2}}},"fnMap":{"0":{"name":"(anonymous_0)","decl":{"start":{"line":5,"column":24},"end":{"line":5,"column":25}},"loc":{"start":{"line":5,"column":35},"end":{"line":31,"column":1}},"line":5},"1":{"name":"(anonymous_1)","decl":{"start":{"line":32,"column":25},"end":{"line":32,"column":26}},"loc":{"start":{"line":32,"column":36},"end":{"line":41,"column":1}},"line":32}},"branchMap":{"0":{"loc":{"start":{"line":23,"column":18},"end":{"line":26,"column":23}},"type":"binary-expr","locations":[{"start":{"line":23,"column":18},"end":{"line":23,"column":26}},{"start":{"line":24,"column":16},"end":{"line":26,"column":23}}],"line":23},"1":{"loc":{"start":{"line":35,"column":4},"end":{"line":39,"column":5}},"type":"if","locations":[{"start":{"line":35,"column":4},"end":{"line":39,"column":5}},{"start":{},"end":{}}],"line":35},"2":{"loc":{"start":{"line":35,"column":8},"end":{"line":35,"column":29}},"type":"binary-expr","locations":[{"start":{"line":35,"column":8},"end":{"line":35,"column":20}},{"start":{"line":35,"column":24},"end":{"line":35,"column":29}}],"line":35},"3":{"loc":{"start":{"line":36,"column":20},"end":{"line":36,"column":107}},"type":"cond-expr","locations":[{"start":{"line":36,"column":35},"end":{"line":36,"column":82}},{"start":{"line":36,"column":85},"end":{"line":36,"column":107}}],"line":36}},"s":{"0":0,"1":0,"2":0,"3":0,"4":0,"5":0,"6":0,"7":0,"8":0,"9":0,"10":0,"11":0,"12":0,"13":0,"14":0,"15":0},"f":{"0":0,"1":0},"b":{"0":[0,0],"1":[0,0],"2":[0,0],"3":[0,0]}}
,"/Users/karthickrajamurugan/Safe/opencdx/opencdx-form-render/screens/HomeScreen.js": {"path":"/Users/karthickrajamurugan/Safe/opencdx/opencdx-form-render/screens/HomeScreen.js","statementMap":{"0":{"start":{"line":7,"column":19},"end":{"line":22,"column":1}},"1":{"start":{"line":8,"column":30},"end":{"line":8,"column":42}},"2":{"start":{"line":9,"column":4},"end":{"line":21,"column":6}},"3":{"start":{"line":24,"column":15},"end":{"line":39,"column":2}}},"fnMap":{"0":{"name":"(anonymous_0)","decl":{"start":{"line":7,"column":19},"end":{"line":7,"column":20}},"loc":{"start":{"line":7,"column":32},"end":{"line":22,"column":1}},"line":7}},"branchMap":{"0":{"loc":{"start":{"line":11,"column":14},"end":{"line":19,"column":13}},"type":"cond-expr","locations":[{"start":{"line":12,"column":16},"end":{"line":14,"column":25}},{"start":{"line":16,"column":16},"end":{"line":18,"column":29}}],"line":11}},"s":{"0":0,"1":0,"2":0,"3":0},"f":{"0":0},"b":{"0":[0,0]}}
,"/Users/karthickrajamurugan/Safe/opencdx/opencdx-form-render/screens/ListScreen.js": {"path":"/Users/karthickrajamurugan/Safe/opencdx/opencdx-form-render/screens/ListScreen.js","statementMap":{"0":{"start":{"line":7,"column":19},"end":{"line":55,"column":1}},"1":{"start":{"line":8,"column":44},"end":{"line":8,"column":56}},"2":{"start":{"line":10,"column":4},"end":{"line":38,"column":11}},"3":{"start":{"line":11,"column":39},"end":{"line":35,"column":9}},"4":{"start":{"line":12,"column":12},"end":{"line":34,"column":13}},"5":{"start":{"line":13,"column":33},"end":{"line":13,"column":71}},"6":{"start":{"line":15,"column":33},"end":{"line":29,"column":17}},"7":{"start":{"line":30,"column":43},"end":{"line":30,"column":56}},"8":{"start":{"line":31,"column":16},"end":{"line":31,"column":48}},"9":{"start":{"line":33,"column":16},"end":{"line":33,"column":37}},"10":{"start":{"line":37,"column":8},"end":{"line":37,"column":33}},"11":{"start":{"line":40,"column":4},"end":{"line":54,"column":6}},"12":{"start":{"line":44,"column":16},"end":{"line":51,"column":25}},"13":{"start":{"line":48,"column":35},"end":{"line":48,"column":81}},"14":{"start":{"line":57,"column":15},"end":{"line":78,"column":2}}},"fnMap":{"0":{"name":"(anonymous_0)","decl":{"start":{"line":7,"column":19},"end":{"line":7,"column":20}},"loc":{"start":{"line":7,"column":39},"end":{"line":55,"column":1}},"line":7},"1":{"name":"(anonymous_1)","decl":{"start":{"line":10,"column":14},"end":{"line":10,"column":15}},"loc":{"start":{"line":10,"column":20},"end":{"line":38,"column":5}},"line":10},"2":{"name":"(anonymous_2)","decl":{"start":{"line":11,"column":39},"end":{"line":11,"column":40}},"loc":{"start":{"line":11,"column":51},"end":{"line":35,"column":9}},"line":11},"3":{"name":"(anonymous_3)","decl":{"start":{"line":43,"column":30},"end":{"line":43,"column":31}},"loc":{"start":{"line":44,"column":16},"end":{"line":51,"column":25}},"line":44},"4":{"name":"(anonymous_4)","decl":{"start":{"line":48,"column":29},"end":{"line":48,"column":30}},"loc":{"start":{"line":48,"column":35},"end":{"line":48,"column":81}},"line":48}},"branchMap":{},"s":{"0":0,"1":0,"2":0,"3":0,"4":0,"5":0,"6":0,"7":0,"8":0,"9":0,"10":0,"11":0,"12":0,"13":0,"14":0},"f":{"0":0,"1":0,"2":0,"3":0,"4":0},"b":{}}
,"/Users/karthickrajamurugan/Safe/opencdx/opencdx-form-render/screens/LoginScreen.js": {"path":"/Users/karthickrajamurugan/Safe/opencdx/opencdx-form-render/screens/LoginScreen.js","statementMap":{"0":{"start":{"line":15,"column":20},"end":{"line":98,"column":1}},"1":{"start":{"line":16,"column":36},"end":{"line":16,"column":65}},"2":{"start":{"line":17,"column":36},"end":{"line":17,"column":56}},"3":{"start":{"line":18,"column":44},"end":{"line":18,"column":59}},"4":{"start":{"line":19,"column":24},"end":{"line":23,"column":5}},"5":{"start":{"line":20,"column":8},"end":{"line":22,"column":10}},"6":{"start":{"line":21,"column":12},"end":{"line":21,"column":29}},"7":{"start":{"line":25,"column":24},"end":{"line":33,"column":5}},"8":{"start":{"line":26,"column":8},"end":{"line":32,"column":9}},"9":{"start":{"line":27,"column":29},"end":{"line":27,"column":108}},"10":{"start":{"line":28,"column":12},"end":{"line":28,"column":72}},"11":{"start":{"line":29,"column":12},"end":{"line":29,"column":40}},"12":{"start":{"line":31,"column":12},"end":{"line":31,"column":41}},"13":{"start":{"line":34,"column":40},"end":{"line":34,"column":55}},"14":{"start":{"line":35,"column":29},"end":{"line":37,"column":5}},"15":{"start":{"line":36,"column":8},"end":{"line":36,"column":29}},"16":{"start":{"line":40,"column":4},"end":{"line":97,"column":6}},"17":{"start":{"line":76,"column":50},"end":{"line":76,"column":73}},"18":{"start":{"line":100,"column":15},"end":{"line":193,"column":2}}},"fnMap":{"0":{"name":"(anonymous_0)","decl":{"start":{"line":15,"column":20},"end":{"line":15,"column":21}},"loc":{"start":{"line":15,"column":40},"end":{"line":98,"column":1}},"line":15},"1":{"name":"(anonymous_1)","decl":{"start":{"line":19,"column":24},"end":{"line":19,"column":25}},"loc":{"start":{"line":19,"column":30},"end":{"line":23,"column":5}},"line":19},"2":{"name":"(anonymous_2)","decl":{"start":{"line":20,"column":24},"end":{"line":20,"column":25}},"loc":{"start":{"line":20,"column":39},"end":{"line":22,"column":9}},"line":20},"3":{"name":"(anonymous_3)","decl":{"start":{"line":25,"column":24},"end":{"line":25,"column":25}},"loc":{"start":{"line":25,"column":36},"end":{"line":33,"column":5}},"line":25},"4":{"name":"(anonymous_4)","decl":{"start":{"line":35,"column":29},"end":{"line":35,"column":30}},"loc":{"start":{"line":35,"column":40},"end":{"line":37,"column":5}},"line":35},"5":{"name":"(anonymous_5)","decl":{"start":{"line":76,"column":39},"end":{"line":76,"column":40}},"loc":{"start":{"line":76,"column":50},"end":{"line":76,"column":73}},"line":76}},"branchMap":{"0":{"loc":{"start":{"line":65,"column":38},"end":{"line":65,"column":72}},"type":"cond-expr","locations":[{"start":{"line":65,"column":53},"end":{"line":65,"column":59}},{"start":{"line":65,"column":62},"end":{"line":65,"column":72}}],"line":65},"1":{"loc":{"start":{"line":68,"column":32},"end":{"line":68,"column":67}},"type":"cond-expr","locations":[{"start":{"line":68,"column":47},"end":{"line":68,"column":54}},{"start":{"line":68,"column":57},"end":{"line":68,"column":67}}],"line":68}},"s":{"0":0,"1":0,"2":0,"3":0,"4":0,"5":0,"6":0,"7":0,"8":0,"9":0,"10":0,"11":0,"12":0,"13":0,"14":0,"15":0,"16":0,"17":0,"18":0},"f":{"0":0,"1":0,"2":0,"3":0,"4":0,"5":0},"b":{"0":[0,0],"1":[0,0]}}
,"/Users/karthickrajamurugan/Safe/opencdx/opencdx-form-render/screens/SuccessScreen.js": {"path":"/Users/karthickrajamurugan/Safe/opencdx/opencdx-form-render/screens/SuccessScreen.js","statementMap":{"0":{"start":{"line":7,"column":19},"end":{"line":22,"column":1}},"1":{"start":{"line":8,"column":30},"end":{"line":8,"column":42}},"2":{"start":{"line":9,"column":4},"end":{"line":21,"column":6}},"3":{"start":{"line":24,"column":15},"end":{"line":39,"column":2}}},"fnMap":{"0":{"name":"(anonymous_0)","decl":{"start":{"line":7,"column":19},"end":{"line":7,"column":20}},"loc":{"start":{"line":7,"column":32},"end":{"line":22,"column":1}},"line":7}},"branchMap":{"0":{"loc":{"start":{"line":11,"column":14},"end":{"line":19,"column":13}},"type":"cond-expr","locations":[{"start":{"line":12,"column":16},"end":{"line":14,"column":25}},{"start":{"line":16,"column":16},"end":{"line":18,"column":29}}],"line":11}},"s":{"0":0,"1":0,"2":0,"3":0},"f":{"0":0},"b":{"0":[0,0]}}
,"/Users/karthickrajamurugan/Safe/opencdx/opencdx-form-render/utils/axios.js": {"path":"/Users/karthickrajamurugan/Safe/opencdx/opencdx-form-render/utils/axios.js","statementMap":{"0":{"start":{"line":7,"column":12},"end":{"line":7,"column":98}},"1":{"start":{"line":8,"column":22},"end":{"line":8,"column":52}},"2":{"start":{"line":9,"column":0},"end":{"line":12,"column":2}},"3":{"start":{"line":10,"column":18},"end":{"line":10,"column":26}},"4":{"start":{"line":11,"column":15},"end":{"line":11,"column":90}}},"fnMap":{"0":{"name":"(anonymous_0)","decl":{"start":{"line":10,"column":4},"end":{"line":10,"column":5}},"loc":{"start":{"line":10,"column":18},"end":{"line":10,"column":26}},"line":10},"1":{"name":"(anonymous_1)","decl":{"start":{"line":11,"column":4},"end":{"line":11,"column":5}},"loc":{"start":{"line":11,"column":15},"end":{"line":11,"column":90}},"line":11}},"branchMap":{"0":{"loc":{"start":{"line":7,"column":12},"end":{"line":7,"column":98}},"type":"cond-expr","locations":[{"start":{"line":7,"column":50},"end":{"line":7,"column":74}},{"start":{"line":7,"column":75},"end":{"line":7,"column":98}}],"line":7},"1":{"loc":{"start":{"line":11,"column":30},"end":{"line":11,"column":89}},"type":"binary-expr","locations":[{"start":{"line":11,"column":31},"end":{"line":11,"column":45}},{"start":{"line":11,"column":49},"end":{"line":11,"column":68}},{"start":{"line":11,"column":73},"end":{"line":11,"column":89}}],"line":11}},"s":{"0":0,"1":0,"2":0,"3":0,"4":0},"f":{"0":0,"1":0},"b":{"0":[0,0],"1":[0,0,0]}}
}
